Determining if the pthread_create exist failed with the following output:
Change Dir: /home/ranhao/ros_ws/src/Global_Calibration/global_optimization/cmake-build-debug/CMakeFiles/CMakeTmp

Run Build Command:"/usr/bin/make" "cmTC_7db47/fast"
/usr/bin/make -f CMakeFiles/cmTC_7db47.dir/build.make CMakeFiles/cmTC_7db47.dir/build
make[1]: Entering directory `/home/ranhao/ros_ws/src/Global_Calibration/global_optimization/cmake-build-debug/CMakeFiles/CMakeTmp'
Building C object CMakeFiles/cmTC_7db47.dir/CheckSymbolExists.c.o
/usr/bin/cc     -o CMakeFiles/cmTC_7db47.dir/CheckSymbolExists.c.o   -c /home/ranhao/ros_ws/src/Global_Calibration/global_optimization/cmake-build-debug/CMakeFiles/CMakeTmp/CheckSymbolExists.c
Linking C executable cmTC_7db47
/home/ranhao/Documents/clion-2016.3.3/bin/cmake/bin/cmake -E cmake_link_script CMakeFiles/cmTC_7db47.dir/link.txt --verbose=1
/usr/bin/cc       CMakeFiles/cmTC_7db47.dir/CheckSymbolExists.c.o  -o cmTC_7db47 -rdynamic 
CMakeFiles/cmTC_7db47.dir/CheckSymbolExists.c.o: In function `main':
CheckSymbolExists.c:(.text+0x16): undefined reference to `pthread_create'
collect2: error: ld returned 1 exit status
make[1]: *** [cmTC_7db47] Error 1
make[1]: Leaving directory `/home/ranhao/ros_ws/src/Global_Calibration/global_optimization/cmake-build-debug/CMakeFiles/CMakeTmp'
make: *** [cmTC_7db47/fast] Error 2

File /home/ranhao/ros_ws/src/Global_Calibration/global_optimization/cmake-build-debug/CMakeFiles/CMakeTmp/CheckSymbolExists.c:
/* */
#include <pthread.h>

int main(int argc, char** argv)
{
  (void)argv;
#ifndef pthread_create
  return ((int*)(&pthread_create))[argc];
#else
  (void)argc;
  return 0;
#endif
}

Determining if the function pthread_create exists in the pthreads failed with the following output:
Change Dir: /home/ranhao/ros_ws/src/Global_Calibration/global_optimization/cmake-build-debug/CMakeFiles/CMakeTmp

Run Build Command:"/usr/bin/make" "cmTC_94d2b/fast"
/usr/bin/make -f CMakeFiles/cmTC_94d2b.dir/build.make CMakeFiles/cmTC_94d2b.dir/build
make[1]: Entering directory `/home/ranhao/ros_ws/src/Global_Calibration/global_optimization/cmake-build-debug/CMakeFiles/CMakeTmp'
Building C object CMakeFiles/cmTC_94d2b.dir/CheckFunctionExists.c.o
/usr/bin/cc    -DCHECK_FUNCTION_EXISTS=pthread_create   -o CMakeFiles/cmTC_94d2b.dir/CheckFunctionExists.c.o   -c /home/ranhao/Documents/clion-2016.3.3/bin/cmake/share/cmake-3.6/Modules/CheckFunctionExists.c
Linking C executable cmTC_94d2b
/home/ranhao/Documents/clion-2016.3.3/bin/cmake/bin/cmake -E cmake_link_script CMakeFiles/cmTC_94d2b.dir/link.txt --verbose=1
/usr/bin/cc   -DCHECK_FUNCTION_EXISTS=pthread_create    CMakeFiles/cmTC_94d2b.dir/CheckFunctionExists.c.o  -o cmTC_94d2b -rdynamic -lpthreads 
/usr/bin/ld: cannot find -lpthreads
collect2: error: ld returned 1 exit status
make[1]: *** [cmTC_94d2b] Error 1
make[1]: Leaving directory `/home/ranhao/ros_ws/src/Global_Calibration/global_optimization/cmake-build-debug/CMakeFiles/CMakeTmp'
make: *** [cmTC_94d2b/fast] Error 2


