Determining if the pthread_create exist failed with the following output:
Change Dir: /home/ranhao/ros_ws/src/Global_Calibration/tool_model_optimization/cmake-build-debug/CMakeFiles/CMakeTmp

Run Build Command:"/usr/bin/make" "cmTC_18c4d/fast"
/usr/bin/make -f CMakeFiles/cmTC_18c4d.dir/build.make CMakeFiles/cmTC_18c4d.dir/build
make[1]: Entering directory `/home/ranhao/ros_ws/src/Global_Calibration/tool_model_optimization/cmake-build-debug/CMakeFiles/CMakeTmp'
Building C object CMakeFiles/cmTC_18c4d.dir/CheckSymbolExists.c.o
/usr/bin/cc     -o CMakeFiles/cmTC_18c4d.dir/CheckSymbolExists.c.o   -c /home/ranhao/ros_ws/src/Global_Calibration/tool_model_optimization/cmake-build-debug/CMakeFiles/CMakeTmp/CheckSymbolExists.c
Linking C executable cmTC_18c4d
/home/ranhao/Documents/clion-2016.3.3/bin/cmake/bin/cmake -E cmake_link_script CMakeFiles/cmTC_18c4d.dir/link.txt --verbose=1
/usr/bin/cc       CMakeFiles/cmTC_18c4d.dir/CheckSymbolExists.c.o  -o cmTC_18c4d -rdynamic 
CMakeFiles/cmTC_18c4d.dir/CheckSymbolExists.c.o: In function `main':
CheckSymbolExists.c:(.text+0x16): undefined reference to `pthread_create'
collect2: error: ld returned 1 exit status
make[1]: *** [cmTC_18c4d] Error 1
make[1]: Leaving directory `/home/ranhao/ros_ws/src/Global_Calibration/tool_model_optimization/cmake-build-debug/CMakeFiles/CMakeTmp'
make: *** [cmTC_18c4d/fast] Error 2

File /home/ranhao/ros_ws/src/Global_Calibration/tool_model_optimization/cmake-build-debug/CMakeFiles/CMakeTmp/CheckSymbolExists.c:
/* */
#include <pthread.h>

int main(int argc, char** argv)
{
  (void)argv;
#ifndef pthread_create
  return ((int*)(&pthread_create))[argc];
#else
  (void)argc;
  return 0;
#endif
}

Determining if the function pthread_create exists in the pthreads failed with the following output:
Change Dir: /home/ranhao/ros_ws/src/Global_Calibration/tool_model_optimization/cmake-build-debug/CMakeFiles/CMakeTmp

Run Build Command:"/usr/bin/make" "cmTC_6c48b/fast"
/usr/bin/make -f CMakeFiles/cmTC_6c48b.dir/build.make CMakeFiles/cmTC_6c48b.dir/build
make[1]: Entering directory `/home/ranhao/ros_ws/src/Global_Calibration/tool_model_optimization/cmake-build-debug/CMakeFiles/CMakeTmp'
Building C object CMakeFiles/cmTC_6c48b.dir/CheckFunctionExists.c.o
/usr/bin/cc    -DCHECK_FUNCTION_EXISTS=pthread_create   -o CMakeFiles/cmTC_6c48b.dir/CheckFunctionExists.c.o   -c /home/ranhao/Documents/clion-2016.3.3/bin/cmake/share/cmake-3.6/Modules/CheckFunctionExists.c
Linking C executable cmTC_6c48b
/home/ranhao/Documents/clion-2016.3.3/bin/cmake/bin/cmake -E cmake_link_script CMakeFiles/cmTC_6c48b.dir/link.txt --verbose=1
/usr/bin/cc   -DCHECK_FUNCTION_EXISTS=pthread_create    CMakeFiles/cmTC_6c48b.dir/CheckFunctionExists.c.o  -o cmTC_6c48b -rdynamic -lpthreads 
/usr/bin/ld: cannot find -lpthreads
collect2: error: ld returned 1 exit status
make[1]: *** [cmTC_6c48b] Error 1
make[1]: Leaving directory `/home/ranhao/ros_ws/src/Global_Calibration/tool_model_optimization/cmake-build-debug/CMakeFiles/CMakeTmp'
make: *** [cmTC_6c48b/fast] Error 2


